Info: Starting: Create HDL design files for synthesis
Info: qsys-generate D:\Fax\projektovanje_namjenskih_racunarski_struktura\pnrs-2023\de1-soc-loading-bar\hw\quartus\soc_system.qsys --synthesis=VHDL --output-directory=D:\Fax\projektovanje_namjenskih_racunarski_struktura\pnrs-2023\de1-soc-loading-bar\hw\quartus\soc_system\synthesis --family="Cyclone V" --part=5CSEMA5F31C6
Progress: Loading quartus/soc_system.qsys
Progress: Reading input file
Progress: Adding clk_0 [clock_source 20.1]
Progress: Parameterizing module clk_0
Progress: Adding jtag_uart_0 [altera_avalon_jtag_uart 20.1]
Progress: Parameterizing module jtag_uart_0
Progress: Adding leds_0 [altera_avalon_pio 20.1]
Progress: Parameterizing module leds_0
Progress: Adding nios2_gen2_0 [altera_nios2_gen2 20.1]
Progress: Parameterizing module nios2_gen2_0
Progress: Adding onchip_memory2_0 [altera_avalon_onchip_memory2 20.1]
Progress: Parameterizing module onchip_memory2_0
Progress: Adding pll_0 [altera_pll 20.1]
Progress: Parameterizing module pll_0
Progress: Adding sysid [altera_avalon_sysid_qsys 20.1]
Progress: Parameterizing module sysid
Progress: Adding timer_0 [altera_avalon_timer 20.1]
Progress: Parameterizing module timer_0
Progress: Adding timer_1 [altera_avalon_timer 20.1]
Progress: Parameterizing module timer_1
Progress: Building connections
Progress: Parameterizing connections
Progress: Validating
Progress: Done reading input file
Info: soc_system.jtag_uart_0: JTAG UART IP input clock need to be at least double (2x) the operating frequency of JTAG TCK on board
Info: soc_system.pll_0: The legal reference clock frequency is 5.0 MHz..800.0 MHz
Info: soc_system.pll_0: Able to implement PLL with user settings
Info: soc_system.sysid: System ID is not assigned automatically. Edit the System ID parameter to provide a unique ID
Info: soc_system.sysid: Time stamp will be automatically updated when this component is generated.
Warning: soc_system.timer_1: Interrupt sender timer_1.irq is not connected to an interrupt receiver
Warning: soc_system.timer_1: timer_1.s1 must be connected to an Avalon-MM master
Info: soc_system: Generating soc_system "soc_system" for QUARTUS_SYNTH
Info: Inserting clock-crossing logic between cmd_demux.src5 and cmd_mux_005.sink0
Info: Inserting clock-crossing logic between cmd_demux_001.src1 and cmd_mux_005.sink1
Info: Inserting clock-crossing logic between rsp_demux_005.src0 and rsp_mux.sink5
Info: Inserting clock-crossing logic between rsp_demux_005.src1 and rsp_mux_001.sink1
Info: jtag_uart_0: Starting RTL generation for module 'soc_system_jtag_uart_0'
Info: jtag_uart_0:   Generation command is [exec C:/intelfpga_lite/20.1/quartus/bin64/perl/bin/perl.exe -I C:/intelfpga_lite/20.1/quartus/bin64/perl/lib -I C:/intelfpga_lite/20.1/quartus/sopc_builder/bin/europa -I C:/intelfpga_lite/20.1/quartus/sopc_builder/bin -I C:/intelfpga_lite/20.1/quartus/../ip/altera/sopc_builder_ip/common -I C:/intelfpga_lite/20.1/quartus/../ip/altera/sopc_builder_ip/altera_avalon_jtag_uart -- C:/intelfpga_lite/20.1/quartus/../ip/altera/sopc_builder_ip/altera_avalon_jtag_uart/generate_rtl.pl --name=soc_system_jtag_uart_0 --dir=C:/Users/W10/AppData/Local/Temp/alt9520_2210133726361000955.dir/0002_jtag_uart_0_gen/ --quartus_dir=C:/intelfpga_lite/20.1/quartus --verilog --config=C:/Users/W10/AppData/Local/Temp/alt9520_2210133726361000955.dir/0002_jtag_uart_0_gen//soc_system_jtag_uart_0_component_configuration.pl  --do_build_sim=0  ]
Info: jtag_uart_0: Done RTL generation for module 'soc_system_jtag_uart_0'
Info: jtag_uart_0: "soc_system" instantiated altera_avalon_jtag_uart "jtag_uart_0"
Info: leds_0: Starting RTL generation for module 'soc_system_leds_0'
Info: leds_0:   Generation command is [exec C:/intelfpga_lite/20.1/quartus/bin64/perl/bin/perl.exe -I C:/intelfpga_lite/20.1/quartus/bin64/perl/lib -I C:/intelfpga_lite/20.1/quartus/sopc_builder/bin/europa -I C:/intelfpga_lite/20.1/quartus/sopc_builder/bin -I C:/intelfpga_lite/20.1/quartus/../ip/altera/sopc_builder_ip/common -I C:/intelfpga_lite/20.1/quartus/../ip/altera/sopc_builder_ip/altera_avalon_pio -- C:/intelfpga_lite/20.1/quartus/../ip/altera/sopc_builder_ip/altera_avalon_pio/generate_rtl.pl --name=soc_system_leds_0 --dir=C:/Users/W10/AppData/Local/Temp/alt9520_2210133726361000955.dir/0003_leds_0_gen/ --quartus_dir=C:/intelfpga_lite/20.1/quartus --verilog --config=C:/Users/W10/AppData/Local/Temp/alt9520_2210133726361000955.dir/0003_leds_0_gen//soc_system_leds_0_component_configuration.pl  --do_build_sim=0  ]
Info: leds_0: Done RTL generation for module 'soc_system_leds_0'
Info: leds_0: "soc_system" instantiated altera_avalon_pio "leds_0"
Info: nios2_gen2_0: "soc_system" instantiated altera_nios2_gen2 "nios2_gen2_0"
Info: onchip_memory2_0: Starting RTL generation for module 'soc_system_onchip_memory2_0'
Info: onchip_memory2_0:   Generation command is [exec C:/intelfpga_lite/20.1/quartus/bin64/perl/bin/perl.exe -I C:/intelfpga_lite/20.1/quartus/bin64/perl/lib -I C:/intelfpga_lite/20.1/quartus/sopc_builder/bin/europa -I C:/intelfpga_lite/20.1/quartus/sopc_builder/bin -I C:/intelfpga_lite/20.1/quartus/../ip/altera/sopc_builder_ip/common -I C:/intelfpga_lite/20.1/quartus/../ip/altera/sopc_builder_ip/altera_avalon_onchip_memory2 -- C:/intelfpga_lite/20.1/quartus/../ip/altera/sopc_builder_ip/altera_avalon_onchip_memory2/generate_rtl.pl --name=soc_system_onchip_memory2_0 --dir=C:/Users/W10/AppData/Local/Temp/alt9520_2210133726361000955.dir/0004_onchip_memory2_0_gen/ --quartus_dir=C:/intelfpga_lite/20.1/quartus --verilog --config=C:/Users/W10/AppData/Local/Temp/alt9520_2210133726361000955.dir/0004_onchip_memory2_0_gen//soc_system_onchip_memory2_0_component_configuration.pl  --do_build_sim=0  ]
Info: onchip_memory2_0: Done RTL generation for module 'soc_system_onchip_memory2_0'
Info: onchip_memory2_0: "soc_system" instantiated altera_avalon_onchip_memory2 "onchip_memory2_0"
Info: pll_0: "soc_system" instantiated altera_pll "pll_0"
Info: sysid: "soc_system" instantiated altera_avalon_sysid_qsys "sysid"
Info: timer_0: Starting RTL generation for module 'soc_system_timer_0'
Info: timer_0:   Generation command is [exec C:/intelFPGA_lite/20.1/quartus/bin64//perl/bin/perl.exe -I C:/intelFPGA_lite/20.1/quartus/bin64//perl/lib -I C:/intelfpga_lite/20.1/quartus/sopc_builder/bin/europa -I C:/intelfpga_lite/20.1/quartus/sopc_builder/bin -I C:/intelfpga_lite/20.1/quartus/../ip/altera/sopc_builder_ip/common -I C:/intelfpga_lite/20.1/quartus/../ip/altera/sopc_builder_ip/altera_avalon_timer -- C:/intelfpga_lite/20.1/quartus/../ip/altera/sopc_builder_ip/altera_avalon_timer/generate_rtl.pl --name=soc_system_timer_0 --dir=C:/Users/W10/AppData/Local/Temp/alt9520_2210133726361000955.dir/0007_timer_0_gen/ --quartus_dir=C:/intelfpga_lite/20.1/quartus --verilog --config=C:/Users/W10/AppData/Local/Temp/alt9520_2210133726361000955.dir/0007_timer_0_gen//soc_system_timer_0_component_configuration.pl  --do_build_sim=0  ]
Info: timer_0: Done RTL generation for module 'soc_system_timer_0'
Info: timer_0: "soc_system" instantiated altera_avalon_timer "timer_0"
Info: avalon_st_adapter: Inserting error_adapter: error_adapter_0
Info: avalon_st_adapter_001: Inserting error_adapter: error_adapter_0
Info: avalon_st_adapter_002: Inserting error_adapter: error_adapter_0
Info: avalon_st_adapter_003: Inserting error_adapter: error_adapter_0
Info: avalon_st_adapter_004: Inserting error_adapter: error_adapter_0
Info: avalon_st_adapter_005: Inserting error_adapter: error_adapter_0
Info: mm_interconnect_0: "soc_system" instantiated altera_mm_interconnect "mm_interconnect_0"
Info: irq_mapper: "soc_system" instantiated altera_irq_mapper "irq_mapper"
Info: rst_controller: "soc_system" instantiated altera_reset_controller "rst_controller"
Info: cpu: Starting RTL generation for module 'soc_system_nios2_gen2_0_cpu'
Info: cpu:   Generation command is [exec C:/intelFPGA_lite/20.1/quartus/bin64//perl/bin/perl.exe -I C:/intelFPGA_lite/20.1/quartus/bin64//perl/lib -I C:/intelfpga_lite/20.1/quartus/sopc_builder/bin/europa -I C:/intelfpga_lite/20.1/quartus/sopc_builder/bin -I C:/intelfpga_lite/20.1/quartus/../ip/altera/nios2_ip/altera_nios2_gen2/cpu_lib -I C:/intelfpga_lite/20.1/quartus/../ip/altera/nios2_ip/altera_nios2_gen2/nios_lib -I C:/intelfpga_lite/20.1/quartus/../ip/altera/nios2_ip/altera_nios2_gen2 -I C:/intelfpga_lite/20.1/quartus/../ip/altera/nios2_ip/altera_nios2_gen2 -- C:/intelfpga_lite/20.1/quartus/../ip/altera/nios2_ip/altera_nios2_gen2/generate_rtl.pl --name=soc_system_nios2_gen2_0_cpu --dir=C:/Users/W10/AppData/Local/Temp/alt9520_2210133726361000955.dir/0010_cpu_gen/ --quartus_bindir=C:/intelFPGA_lite/20.1/quartus/bin64/ --verilog --config=C:/Users/W10/AppData/Local/Temp/alt9520_2210133726361000955.dir/0010_cpu_gen//soc_system_nios2_gen2_0_cpu_processor_configuration.pl  --do_build_sim=0  ]
Info: cpu: # 2023.06.12 14:28:35 (*) Starting Nios II generation
Info: cpu: # 2023.06.12 14:28:35 (*)   Elaborating CPU configuration settings
Info: cpu: # 2023.06.12 14:28:36 (*)   Creating all objects for CPU
Info: cpu: # 2023.06.12 14:28:36 (*)   Generating RTL from CPU objects
Info: cpu: # 2023.06.12 14:28:36 (*)   Creating plain-text RTL
Info: cpu: # 2023.06.12 14:28:37 (*) Done Nios II generation
Info: cpu: Done RTL generation for module 'soc_system_nios2_gen2_0_cpu'
Info: cpu: "nios2_gen2_0" instantiated altera_nios2_gen2_unit "cpu"
Info: nios2_gen2_0_data_master_translator: "mm_interconnect_0" instantiated altera_merlin_master_translator "nios2_gen2_0_data_master_translator"
Info: jtag_uart_0_avalon_jtag_slave_translator: "mm_interconnect_0" instantiated altera_merlin_slave_translator "jtag_uart_0_avalon_jtag_slave_translator"
Info: nios2_gen2_0_data_master_agent: "mm_interconnect_0" instantiated altera_merlin_master_agent "nios2_gen2_0_data_master_agent"
Info: jtag_uart_0_avalon_jtag_slave_agent: "mm_interconnect_0" instantiated altera_merlin_slave_agent "jtag_uart_0_avalon_jtag_slave_agent"
Info: jtag_uart_0_avalon_jtag_slave_agent_rsp_fifo: "mm_interconnect_0" instantiated altera_avalon_sc_fifo "jtag_uart_0_avalon_jtag_slave_agent_rsp_fifo"
Info: router: "mm_interconnect_0" instantiated altera_merlin_router "router"
Info: router_001: "mm_interconnect_0" instantiated altera_merlin_router "router_001"
Info: router_002: "mm_interconnect_0" instantiated altera_merlin_router "router_002"
Info: router_004: "mm_interconnect_0" instantiated altera_merlin_router "router_004"
Info: cmd_demux: "mm_interconnect_0" instantiated altera_merlin_demultiplexer "cmd_demux"
Info: cmd_demux_001: "mm_interconnect_0" instantiated altera_merlin_demultiplexer "cmd_demux_001"
Info: cmd_mux: "mm_interconnect_0" instantiated altera_merlin_multiplexer "cmd_mux"
Info: cmd_mux_002: "mm_interconnect_0" instantiated altera_merlin_multiplexer "cmd_mux_002"
Info: Reusing file D:/Fax/projektovanje_namjenskih_racunarski_struktura/pnrs-2023/de1-soc-loading-bar/hw/quartus/soc_system/synthesis/submodules/altera_merlin_arbitrator.sv
Info: rsp_demux: "mm_interconnect_0" instantiated altera_merlin_demultiplexer "rsp_demux"
Info: rsp_mux: "mm_interconnect_0" instantiated altera_merlin_multiplexer "rsp_mux"
Info: Reusing file D:/Fax/projektovanje_namjenskih_racunarski_struktura/pnrs-2023/de1-soc-loading-bar/hw/quartus/soc_system/synthesis/submodules/altera_merlin_arbitrator.sv
Info: rsp_mux_001: "mm_interconnect_0" instantiated altera_merlin_multiplexer "rsp_mux_001"
Info: Reusing file D:/Fax/projektovanje_namjenskih_racunarski_struktura/pnrs-2023/de1-soc-loading-bar/hw/quartus/soc_system/synthesis/submodules/altera_merlin_arbitrator.sv
Info: crosser: "mm_interconnect_0" instantiated altera_avalon_st_handshake_clock_crosser "crosser"
Info: avalon_st_adapter: "mm_interconnect_0" instantiated altera_avalon_st_adapter "avalon_st_adapter"
Info: error_adapter_0: "avalon_st_adapter" instantiated error_adapter "error_adapter_0"
Info: soc_system: Done "soc_system" with 31 modules, 52 files
Info: qsys-generate succeeded.
Info: Finished: Create HDL design files for synthesis
