Flow report for de1_soc_top
Mon Jun 12 14:36:01 2023
Quartus Prime Version 20.1.1 Build 720 11/11/2020 SJ Lite Edition


---------------------
; Table of Contents ;
---------------------
  1. Legal Notice
  2. Flow Summary
  3. Flow Settings
  4. Flow Non-Default Global Settings
  5. Flow Elapsed Time
  6. Flow OS Summary
  7. Flow Log
  8. Flow Messages
  9. Flow Suppressed Messages



----------------
; Legal Notice ;
----------------
Copyright (C) 2020  Intel Corporation. All rights reserved.
Your use of Intel Corporation's design tools, logic functions 
and other software and tools, and any partner logic 
functions, and any output files from any of the foregoing 
(including device programming or simulation files), and any 
associated documentation or information are expressly subject 
to the terms and conditions of the Intel Program License 
Subscription Agreement, the Intel Quartus Prime License Agreement,
the Intel FPGA IP License Agreement, or other applicable license
agreement, including, without limitation, that your use is for
the sole purpose of programming logic devices manufactured by
Intel and sold by Intel or its authorized distributors.  Please
refer to the applicable agreement for further details, at
https://fpgasoftware.intel.com/eula.



+-------------------------------------------------------------------------------+
; Flow Summary                                                                  ;
+---------------------------------+---------------------------------------------+
; Flow Status                     ; Successful - Mon Jun 12 14:35:47 2023       ;
; Quartus Prime Version           ; 20.1.1 Build 720 11/11/2020 SJ Lite Edition ;
; Revision Name                   ; de1_soc_top                                 ;
; Top-level Entity Name           ; de1_soc_top                                 ;
; Family                          ; Cyclone V                                   ;
; Device                          ; 5CSEMA5F31C6                                ;
; Timing Models                   ; Final                                       ;
; Logic utilization (in ALMs)     ; 838 / 32,070 ( 3 % )                        ;
; Total registers                 ; 1496                                        ;
; Total pins                      ; 87 / 457 ( 19 % )                           ;
; Total virtual pins              ; 0                                           ;
; Total block memory bits         ; 44,032 / 4,065,280 ( 1 % )                  ;
; Total DSP Blocks                ; 0 / 87 ( 0 % )                              ;
; Total HSSI RX PCSs              ; 0                                           ;
; Total HSSI PMA RX Deserializers ; 0                                           ;
; Total HSSI TX PCSs              ; 0                                           ;
; Total HSSI PMA TX Serializers   ; 0                                           ;
; Total PLLs                      ; 1 / 6 ( 17 % )                              ;
; Total DLLs                      ; 0 / 4 ( 0 % )                               ;
+---------------------------------+---------------------------------------------+


+-----------------------------------------+
; Flow Settings                           ;
+-------------------+---------------------+
; Option            ; Setting             ;
+-------------------+---------------------+
; Start date & time ; 06/12/2023 14:34:03 ;
; Main task         ; Compilation         ;
; Revision Name     ; de1_soc_top         ;
+-------------------+---------------------+


+-------------------------------------------------------------------------------------------------------------------------------------------------+
; Flow Non-Default Global Settings                                                                                                                ;
+---------------------------------------+--------------------------------------------------------------+---------------+-------------+------------+
; Assignment Name                       ; Value                                                        ; Default Value ; Entity Name ; Section Id ;
+---------------------------------------+--------------------------------------------------------------+---------------+-------------+------------+
; COMPILER_SIGNATURE_ID                 ; 2499178364195.168657324012188                                ; --            ; --          ; --         ;
; ECO_REGENERATE_REPORT                 ; On                                                           ; Off           ; --          ; --         ;
; MAX_CORE_JUNCTION_TEMP                ; 85                                                           ; --            ; --          ; --         ;
; MIN_CORE_JUNCTION_TEMP                ; 0                                                            ; --            ; --          ; --         ;
; MISC_FILE                             ; soc_system/synthesis/../soc_system.cmp                       ; --            ; --          ; --         ;
; MISC_FILE                             ; soc_system/synthesis/../../soc_system.qsys                   ; --            ; --          ; --         ;
; NUM_PARALLEL_PROCESSORS               ; 12                                                           ; --            ; --          ; --         ;
; PARTITION_COLOR                       ; -- (Not supported for targeted family)                       ; --            ; --          ; Top        ;
; PARTITION_FITTER_PRESERVATION_LEVEL   ; -- (Not supported for targeted family)                       ; --            ; --          ; Top        ;
; PARTITION_NETLIST_TYPE                ; -- (Not supported for targeted family)                       ; --            ; --          ; Top        ;
; POWER_BOARD_THERMAL_MODEL             ; None (CONSERVATIVE)                                          ; --            ; --          ; --         ;
; POWER_PRESET_COOLING_SOLUTION         ; 23 MM HEAT SINK WITH 200 LFPM AIRFLOW                        ; --            ; --          ; --         ;
; PROJECT_OUTPUT_DIRECTORY              ; output_files                                                 ; --            ; --          ; --         ;
; SLD_FILE                              ; soc_system/synthesis/soc_system.regmap                       ; --            ; --          ; --         ;
; SLD_FILE                              ; soc_system/synthesis/soc_system.debuginfo                    ; --            ; --          ; --         ;
; SLD_INFO                              ; QSYS_NAME soc_system HAS_SOPCINFO 1 GENERATION_ID 1686572972 ; --            ; soc_system  ; --         ;
; SOPCINFO_FILE                         ; soc_system/synthesis/../../soc_system.sopcinfo               ; --            ; --          ; --         ;
; SYNTHESIS_ONLY_QIP                    ; On                                                           ; --            ; --          ; --         ;
; USE_DLL_FREQUENCY_FOR_DQS_DELAY_CHAIN ; On                                                           ; Off           ; --          ; --         ;
+---------------------------------------+--------------------------------------------------------------+---------------+-------------+------------+


+--------------------------------------------------------------------------------------------------------------------------+
; Flow Elapsed Time                                                                                                        ;
+----------------------+--------------+-------------------------+---------------------+------------------------------------+
; Module Name          ; Elapsed Time ; Average Processors Used ; Peak Virtual Memory ; Total CPU Time (on all processors) ;
+----------------------+--------------+-------------------------+---------------------+------------------------------------+
; Analysis & Synthesis ; 00:00:29     ; 1.0                     ; 5034 MB             ; 00:00:49                           ;
; Fitter               ; 00:01:06     ; 1.2                     ; 7478 MB             ; 00:04:18                           ;
; Assembler            ; 00:00:07     ; 1.0                     ; 4860 MB             ; 00:00:07                           ;
; Timing Analyzer      ; 00:00:13     ; 1.8                     ; 5340 MB             ; 00:00:20                           ;
; Total                ; 00:01:55     ; --                      ; --                  ; 00:05:34                           ;
+----------------------+--------------+-------------------------+---------------------+------------------------------------+


+------------------------------------------------------------------------------------+
; Flow OS Summary                                                                    ;
+----------------------+------------------+------------+------------+----------------+
; Module Name          ; Machine Hostname ; OS Name    ; OS Version ; Processor type ;
+----------------------+------------------+------------+------------+----------------+
; Analysis & Synthesis ; DESKTOP-I3NO7CV  ; Windows 10 ; 10.0       ; x86_64         ;
; Fitter               ; DESKTOP-I3NO7CV  ; Windows 10 ; 10.0       ; x86_64         ;
; Assembler            ; DESKTOP-I3NO7CV  ; Windows 10 ; 10.0       ; x86_64         ;
; Timing Analyzer      ; DESKTOP-I3NO7CV  ; Windows 10 ; 10.0       ; x86_64         ;
+----------------------+------------------+------------+------------+----------------+


------------
; Flow Log ;
------------
quartus_map --read_settings_files=on --write_settings_files=off de1_soc_top -c de1_soc_top
quartus_fit --read_settings_files=off --write_settings_files=off de1_soc_top -c de1_soc_top
quartus_asm --read_settings_files=off --write_settings_files=off de1_soc_top -c de1_soc_top
quartus_sta de1_soc_top -c de1_soc_top



